Arguments: 
  /usr/local/bin/node /usr/local/Cellar/yarn/1.7.0/libexec/bin/yarn.js add url-pars --save

PATH: 
  /usr/local/bin:/usr/bin:/bin:/usr/sbin:/sbin:/usr/local/share/dotnet:/Library/Frameworks/Mono.framework/Versions/Current/Commands:/Applications/Xamarin Workbooks.app/Contents/SharedSupport/path-bin:/usr/local/apache-maven-3.5.2/bin:/Users/xavierluiz/terraformbin

Yarn version: 
  1.7.0

Node version: 
  10.3.0

Platform: 
  darwin x64

Trace: 
  Error: https://registry.yarnpkg.com/url-pars: Not found
      at Request.params.callback [as _callback] (/usr/local/Cellar/yarn/1.7.0/libexec/lib/cli.js:65656:18)
      at Request.self.callback (/usr/local/Cellar/yarn/1.7.0/libexec/lib/cli.js:134675:22)
      at Request.emit (events.js:182:13)
      at Request.<anonymous> (/usr/local/Cellar/yarn/1.7.0/libexec/lib/cli.js:135658:10)
      at Request.emit (events.js:182:13)
      at IncomingMessage.<anonymous> (/usr/local/Cellar/yarn/1.7.0/libexec/lib/cli.js:135578:12)
      at Object.onceWrapper (events.js:273:13)
      at IncomingMessage.emit (events.js:187:15)
      at endReadableNT (_stream_readable.js:1090:12)
      at process._tickCallback (internal/process/next_tick.js:63:19)

npm manifest: 
  {
      "name": "swdc-vscode",
      "displayName": "Software.com",
      "version": "0.5.1",
      "publisher": "softwaredotcom",
      "description": "Software.com for VS Code - It's Code Time",
      "author": {
          "name": "Software.com"
      },
      "license": "SEE https://software.com/eula",
      "icon": "images/icon.png",
      "galleryBanner": {
          "color": "#03bdf2",
          "theme": "dark"
      },
      "repository": {
          "type": "git",
          "url": "https://github.com/swdotcom/swdc-vscode"
      },
      "categories": [
          "Other"
      ],
      "activationEvents": [
          "*"
      ],
      "engines": {
          "vscode": "^1.19.0"
      },
      "main": "./out/extension",
      "scripts": {
          "vscode:prepublish": "tsc -p ./",
          "compile": "tsc -watch -p ./",
          "postinstall": "node ./node_modules/vscode/bin/install"
      },
      "contributes": {
          "commands": [
              {
                  "command": "extension.softwareKpmDashboard",
                  "title": "Go to software.com",
                  "category": "Software.com"
              },
              {
                  "command": "extension.pauseSoftwareMetrics",
                  "title": "Pause metrics",
                  "category": "Software.com"
              },
              {
                  "command": "extension.enableSoftwareMetrics",
                  "title": "Enable metrics",
                  "category": "Software.com"
              }
          ],
          "menus": {
              "view/item/context": [
                  {
                      "command": "extension.softwareKpmDashboard",
                      "group": "Software.com"
                  },
                  {
                      "command": "extension.pauseSoftwareMetrics",
                      "group": "Software.com"
                  },
                  {
                      "command": "extension.enableSoftwareMetrics",
                      "group": "Software.com"
                  }
              ]
          }
      },
      "devDependencies": {
          "@types/axios": "^0.14.0",
          "@types/node": "^9.4.0",
          "typescript": "^2.6.2"
      },
      "dependencies": {
          "axios": "^0.17.1",
          "itunes-node-applescript": "^0.3.5",
          "open": "^0.0.5",
          "spotify-node-applescript": "1.1.1",
          "vscode": "^1.1.10"
      }
  }

yarn manifest: 
  No manifest

Lockfile: 
  No lockfile
